2026-06-22 19:52:01 INFO Start Login Issue Automation demo run
2026-06-22 19:52:01 INFO Loaded HR demo data from data/hr_demo.json
2026-06-22 19:52:01 INFO Processing ticket DEMO-001 requester=teacher01@mindx.com
2026-06-22 19:52:01 INFO Ticket DEMO-001 detected_pattern=login_issue
2026-06-22 19:52:01 INFO HR status check requester=teacher01@mindx.com status=active
2026-06-22 19:52:01 INFO LMS account reactivated requester=teacher01@mindx.com
2026-06-22 19:52:01 INFO Odoo note added ticket=DEMO-001 result=resolved_by_automation
2026-06-22 19:52:01 INFO Odoo stage updated ticket=DEMO-001 stage=Solved
2026-06-22 19:52:01 INFO Processing ticket DEMO-002 requester=terminated.teacher@mindx.com
2026-06-22 19:52:01 INFO Ticket DEMO-002 detected_pattern=login_issue
2026-06-22 19:52:01 INFO HR status check requester=terminated.teacher@mindx.com status=terminated
2026-06-22 19:52:01 INFO Manual review required ticket=DEMO-002 reason=terminated_employee
2026-06-22 19:52:01 INFO Odoo stage updated ticket=DEMO-002 stage=Manual Review
2026-06-22 19:52:01 INFO Processing ticket DEMO-003 requester=unknown.user@mindx.com
2026-06-22 19:52:01 INFO Ticket DEMO-003 detected_pattern=login_issue
2026-06-22 19:52:01 INFO HR status check requester=unknown.user@mindx.com status=unknown
2026-06-22 19:52:01 INFO Manual review required ticket=DEMO-003 reason=unknown_employee_status
2026-06-22 19:52:01 INFO Odoo stage updated ticket=DEMO-003 stage=Manual Review
2026-06-22 19:52:01 INFO Processing ticket DEMO-004 requester=locked.user@mindx.com
2026-06-22 19:52:01 INFO Ticket DEMO-004 detected_pattern=login_issue
2026-06-22 19:52:01 INFO HR status check requester=locked.user@mindx.com status=locked
2026-06-22 19:52:01 INFO Manual review required ticket=DEMO-004 reason=non_active_status
2026-06-22 19:52:01 INFO Odoo stage updated ticket=DEMO-004 stage=Manual Review
2026-06-22 19:52:01 INFO Processing ticket DEMO-005 requester=suspended.user@mindx.com
2026-06-22 19:52:01 INFO Ticket DEMO-005 detected_pattern=login_issue
2026-06-22 19:52:01 INFO HR status check requester=suspended.user@mindx.com status=suspended
2026-06-22 19:52:01 INFO Manual review required ticket=DEMO-005 reason=non_active_status
2026-06-22 19:52:01 INFO Odoo stage updated ticket=DEMO-005 stage=Manual Review
2026-06-22 19:52:01 INFO Processing ticket DEMO-006 requester=contractor01@mindx.com
2026-06-22 19:52:01 INFO Ticket DEMO-006 detected_pattern=login_issue
2026-06-22 19:52:01 INFO HR status check requester=contractor01@mindx.com status=contractor
2026-06-22 19:52:01 INFO Manual review required ticket=DEMO-006 reason=non_active_status
2026-06-22 19:52:01 INFO Odoo stage updated ticket=DEMO-006 stage=Manual Review
2026-06-22 19:52:01 INFO Processing ticket DEMO-007 requester=teacher02@mindx.com
2026-06-22 19:52:01 INFO Ticket DEMO-007 detected_pattern=not_login_issue
2026-06-22 19:52:01 INFO Automation skipped ticket=DEMO-007 reason=not_login_issue
2026-06-22 19:52:01 INFO Login Issue Automation demo run completed total=7 resolved=1 manual_review=5 skipped=1
